<?xml version="1.0" encoding="UTF-8"?>
<!-- Generated by org.testng.reporters.JUnitXMLReporter -->
<testsuite hostname="DESKTOP-2DR0QON" ignored="0" name="Default test" tests="3" failures="0" timestamp="15 Nov 2019 05:55:12 GMT" time="3.847" errors="0">
  <testcase name="Reponsebody" time="0.047" classname="requestData.Get_Request_Employees"/>
  <testcase name="Statuscode" time="0.006" classname="requestData.Get_Request_Employees"/>
  <testcase name="contenttype" time="0.014" classname="requestData.Get_Request_Employees"/>
</testsuite> <!-- Default test -->
